d:\op\magazin\x64\debug\vc143.pdb
d:\op\magazin\x64\debug\vc143.idb
d:\op\magazin\x64\debug\ui.obj
d:\op\magazin\x64\debug\produs.obj
d:\op\magazin\x64\debug\validare.obj
d:\op\magazin\x64\debug\service.obj
d:\op\magazin\x64\debug\repo.obj
d:\op\magazin\x64\debug\main.obj
d:\op\magazin\x64\debug\vector.obj
d:\op\magazin\x64\debug\ui.nativecodeanalysis.sarif
d:\op\magazin\x64\debug\ui.nativecodeanalysis.xml
d:\op\magazin\x64\debug\magazin.exe
d:\op\magazin\x64\debug\magazin.ilk
d:\op\magazin\x64\debug\magazin.pdb
d:\op\magazin\x64\debug\repo.obj.enc
d:\op\magazin\x64\debug\service.obj.enc
d:\op\magazin\x64\debug\nativecodeanalysis.read.1.tlog
d:\op\magazin\x64\debug\vc.nativecodeanalysis.all.xml
d:\op\magazin\x64\debug\magazin.exe.lastcodeanalysissucceeded
d:\op\magazin\x64\debug\magazin.tlog\cl.command.1.tlog
d:\op\magazin\x64\debug\magazin.tlog\cl.read.1.tlog
d:\op\magazin\x64\debug\magazin.tlog\cl.write.1.tlog
d:\op\magazin\x64\debug\magazin.tlog\link.command.1.tlog
d:\op\magazin\x64\debug\magazin.tlog\link.read.1.tlog
d:\op\magazin\x64\debug\magazin.tlog\link.write.1.tlog
